Flow report for SOPC_MinSys
Wed Aug 31 12:40:40 2016
Quartus II Version 11.0 Build 157 04/27/2011 SJ Full Version


---------------------
; Table of Contents ;
---------------------
  1. Legal Notice
  2. Flow Summary
  3. Flow Settings
  4. Flow Non-Default Global Settings
  5. Flow Elapsed Time
  6. Flow OS Summary
  7. Flow Log



----------------
; Legal Notice ;
----------------
Copyright (C) 1991-2011 Altera Corporation
Your use of Altera Corporation's design tools, logic functions 
and other software and tools, and its AMPP partner logic 
functions, and any output files from any of the foregoing 
(including device programming or simulation files), and any 
associated documentation or information are expressly subject 
to the terms and conditions of the Altera Program License 
Subscription Agreement, Altera MegaCore Function License 
Agreement, or other applicable license agreement, including, 
without limitation, that your use is for the sole purpose of 
programming logic devices manufactured by Altera and sold by 
Altera or its authorized distributors.  Please refer to the 
applicable agreement for further details.



+--------------------------------------------------------------------------------+
; Flow Summary                                                                   ;
+------------------------------------+-------------------------------------------+
; Flow Status                        ; Successful - Wed Aug 31 12:40:36 2016     ;
; Quartus II Version                 ; 11.0 Build 157 04/27/2011 SJ Full Version ;
; Revision Name                      ; SOPC_MinSys                               ;
; Top-level Entity Name              ; TOP                                       ;
; Family                             ; Cyclone II                                ;
; Device                             ; EP2C35F484C8                              ;
; Timing Models                      ; Final                                     ;
; Total logic elements               ; 4,219 / 33,216 ( 13 % )                   ;
;     Total combinational functions  ; 3,745 / 33,216 ( 11 % )                   ;
;     Dedicated logic registers      ; 2,554 / 33,216 ( 8 % )                    ;
; Total registers                    ; 2673                                      ;
; Total pins                         ; 91 / 322 ( 28 % )                         ;
; Total virtual pins                 ; 0                                         ;
; Total memory bits                  ; 69,376 / 483,840 ( 14 % )                 ;
; Embedded Multiplier 9-bit elements ; 4 / 70 ( 6 % )                            ;
; Total PLLs                         ; 1 / 4 ( 25 % )                            ;
+------------------------------------+-------------------------------------------+


+-----------------------------------------+
; Flow Settings                           ;
+-------------------+---------------------+
; Option            ; Setting             ;
+-------------------+---------------------+
; Start date & time ; 08/31/2016 12:39:15 ;
; Main task         ; Compilation         ;
; Revision Name     ; SOPC_MinSys         ;
+-------------------+---------------------+


+-------------------------------------------------------------------------------------------------------------------+
; Flow Non-Default Global Settings                                                                                  ;
+-------------------------------------+----------------------------------+---------------+-------------+------------+
; Assignment Name                     ; Value                            ; Default Value ; Entity Name ; Section Id ;
+-------------------------------------+----------------------------------+---------------+-------------+------------+
; COMPILER_SIGNATURE_ID               ; 15994409720006.147261835317040   ; --            ; --          ; --         ;
; IP_TOOL_NAME                        ; ALTPLL                           ; --            ; --          ; --         ;
; IP_TOOL_VERSION                     ; 11.0                             ; --            ; --          ; --         ;
; MAX_CORE_JUNCTION_TEMP              ; 85                               ; --            ; --          ; --         ;
; MIN_CORE_JUNCTION_TEMP              ; 0                                ; --            ; --          ; --         ;
; MISC_FILE                           ; altpll0.bsf                      ; --            ; --          ; --         ;
; MISC_FILE                           ; altpll0_bb.v                     ; --            ; --          ; --         ;
; MISC_FILE                           ; altpll0.ppf                      ; --            ; --          ; --         ;
; PARTITION_COLOR                     ; 16764057                         ; --            ; TOP         ; Top        ;
; PARTITION_FITTER_PRESERVATION_LEVEL ; PLACEMENT_AND_ROUTING            ; --            ; TOP         ; Top        ;
; PARTITION_NETLIST_TYPE              ; SOURCE                           ; --            ; TOP         ; Top        ;
; SOPC_BUILDER_SIGNATURE_ID           ; 00000000000000E00000014D4AF3F0A2 ; --            ; --          ; --         ;
; TOP_LEVEL_ENTITY                    ; TOP                              ; SOPC_MinSys   ; --          ; --         ;
+-------------------------------------+----------------------------------+---------------+-------------+------------+


+-------------------------------------------------------------------------------------------------------------------------------+
; Flow Elapsed Time                                                                                                             ;
+---------------------------+--------------+-------------------------+---------------------+------------------------------------+
; Module Name               ; Elapsed Time ; Average Processors Used ; Peak Virtual Memory ; Total CPU Time (on all processors) ;
+---------------------------+--------------+-------------------------+---------------------+------------------------------------+
; Analysis & Synthesis      ; 00:00:45     ; 1.0                     ; 398 MB              ; 00:00:35                           ;
; Fitter                    ; 00:00:25     ; 1.3                     ; 481 MB              ; 00:00:25                           ;
; Assembler                 ; 00:00:04     ; 1.0                     ; 348 MB              ; 00:00:03                           ;
; TimeQuest Timing Analyzer ; 00:00:10     ; 1.5                     ; 358 MB              ; 00:00:07                           ;
; Total                     ; 00:01:24     ; --                      ; --                  ; 00:01:10                           ;
+---------------------------+--------------+-------------------------+---------------------+------------------------------------+


+----------------------------------------------------------------------------------------+
; Flow OS Summary                                                                        ;
+---------------------------+------------------+-----------+------------+----------------+
; Module Name               ; Machine Hostname ; OS Name   ; OS Version ; Processor type ;
+---------------------------+------------------+-----------+------------+----------------+
; Analysis & Synthesis      ; ASUS-York        ; Windows 7 ; 6.1        ; x86_64         ;
; Fitter                    ; ASUS-York        ; Windows 7 ; 6.1        ; x86_64         ;
; Assembler                 ; ASUS-York        ; Windows 7 ; 6.1        ; x86_64         ;
; TimeQuest Timing Analyzer ; ASUS-York        ; Windows 7 ; 6.1        ; x86_64         ;
+---------------------------+------------------+-----------+------------+----------------+


------------
; Flow Log ;
------------
quartus_map --read_settings_files=on --write_settings_files=off SOPC_MinSys -c SOPC_MinSys
quartus_fit --read_settings_files=off --write_settings_files=off SOPC_MinSys -c SOPC_MinSys
quartus_asm --read_settings_files=off --write_settings_files=off SOPC_MinSys -c SOPC_MinSys
quartus_sta SOPC_MinSys -c SOPC_MinSys



